<?xml version="1.0" encoding="UTF-8"?>
<testsuites name="Login Test Suite" time="72.759" tests="5" failures="0" errors="0">
   <testsuite name="Login Test Suite" tests="5" failures="0" errors="0" time="72.759" skipped="0" timestamp="2022-08-13 17:45:38" hostname="Fajar Triady Putra - MSI" id="Test Suites/Login Test Suite">
      <properties>
         <property name="deviceName" value=""/>
         <property name="devicePlatform" value=""/>
         <property name="logFolder" value="C:\\Users\\Fajar Triady Putra\\git\\Full-Time-QA-Tester\\Reports\\20220813_174531\\Login Test Suite\\20220813_174531"/>
         <property name="logFiles" value="C:\\Users\\Fajar Triady Putra\\git\\Full-Time-QA-Tester\\Reports\\20220813_174531\\Login Test Suite\\20220813_174531\\execution0.log"/>
         <property name="attachments" value=""/>
         <property name="hostName" value="Fajar Triady Putra - MSI"/>
         <property name="os" value="Windows 10 64bit"/>
         <property name="katalonVersion" value="8.4.1.208"/>
         <property name="browser" value="Chrome 104.0.5112.81"/>
         <property name="hostAddress" value="192.168.1.5"/>
         <property name="sessionId" value="735bfbacf3df0eeb73e7398cb6dc003e"/>
         <property name="seleniumVersion" value="3.141.59"/>
         <property name="proxyInformation" value="ProxyInformation { proxyOption=NO_PROXY, proxyServerType=HTTP, username=, password=********, proxyServerAddress=, proxyServerPort=0, executionList=&quot;&quot;, isApplyToDesiredCapabilities=true }"/>
         <property name="platform" value="Windows 10"/>
      </properties>
      <testcase name="Test Cases/FB_Login_Negative_Empty Email" time="11.907" classname="Test Cases/FB_Login_Negative_Empty Email" status="PASSED">
         <system-out><![CDATA[2022-08-13 17:45:39 - [TEST_CASE][PASSED] - Test Cases/FB_Login_Negative_Empty Email: Test Cases/FB_Login_Negative_Empty Email

2022-08-13 17:45:40 - [TEST_STEP][PASSED] - openBrowser(""): Browser is opened with url: ''

2022-08-13 17:45:41 - [MESSAGE][INFO] - Starting 'Chrome' driver

2022-08-13 17:45:41 - [MESSAGE][INFO] - Action delay is set to 0 milliseconds

2022-08-13 17:45:45 - [MESSAGE][PASSED] - Browser is opened with url: ''

2022-08-13 17:45:45 - [TEST_STEP][PASSED] - navigateToUrl("https://www.facebook.com/login"): Navigate to 'https://www.facebook.com/login' successfully

2022-08-13 17:45:47 - [MESSAGE][PASSED] - Navigate to 'https://www.facebook.com/login' successfully

2022-08-13 17:45:47 - [TEST_STEP][PASSED] - setEncryptedText(findTestObject("Page_Login/input_pass"), "ksG/Enp05hmRQde8kjwFBQ=="): Text ****** has been set on object 'Object Repository/Page_Login/input_pass'

2022-08-13 17:45:47 - [MESSAGE][PASSED] - Text ****** has been set on object 'Object Repository/Page_Login/input_pass'

2022-08-13 17:45:47 - [TEST_STEP][PASSED] - click(findTestObject("Page_Login/Btn_login")): Object: 'Object Repository/Page_Login/Btn_login' is clicked on

2022-08-13 17:45:48 - [MESSAGE][PASSED] - Object: 'Object Repository/Page_Login/Btn_login' is clicked on

2022-08-13 17:45:48 - [TEST_STEP][PASSED] - click(findTestObject("Page_Login/div_Wrong credentialsInvalid username or password")): Object: 'Object Repository/Page_Login/div_Wrong credentialsInvalid username or password' is clicked on

2022-08-13 17:45:50 - [MESSAGE][PASSED] - Object: 'Object Repository/Page_Login/div_Wrong credentialsInvalid username or password' is clicked on

2022-08-13 17:45:50 - [TEST_STEP][PASSED] - closeBrowser(STOP_ON_FAILURE): Browser is closed

2022-08-13 17:45:51 - [MESSAGE][PASSED] - Browser is closed]]></system-out>
         <system-err><![CDATA[]]></system-err>
      </testcase>
      <testcase name="Test Cases/FB_Login_Negative_Empy field" time="12.662" classname="Test Cases/FB_Login_Negative_Empy field" status="PASSED">
         <system-out><![CDATA[2022-08-13 17:45:51 - [TEST_CASE][PASSED] - Test Cases/FB_Login_Negative_Empy field: Test Cases/FB_Login_Negative_Empy field

2022-08-13 17:45:52 - [TEST_STEP][PASSED] - openBrowser(""): Browser is opened with url: ''

2022-08-13 17:45:52 - [MESSAGE][INFO] - Starting 'Chrome' driver

2022-08-13 17:45:52 - [MESSAGE][INFO] - Action delay is set to 0 milliseconds

2022-08-13 17:45:54 - [MESSAGE][PASSED] - Browser is opened with url: ''

2022-08-13 17:45:54 - [TEST_STEP][PASSED] - navigateToUrl("https://www.facebook.com/login"): Navigate to 'https://www.facebook.com/login' successfully

2022-08-13 17:45:55 - [MESSAGE][PASSED] - Navigate to 'https://www.facebook.com/login' successfully

2022-08-13 17:45:55 - [TEST_STEP][PASSED] - click(findTestObject("Page_Login/Btn_login")): Object: 'Object Repository/Page_Login/Btn_login' is clicked on

2022-08-13 17:45:56 - [MESSAGE][PASSED] - Object: 'Object Repository/Page_Login/Btn_login' is clicked on

2022-08-13 17:45:56 - [TEST_STEP][PASSED] - verifyElementPresent(findTestObject("Page_Login/div_Wrong credentialsInvalid username or password"), 0): Object 'Object Repository/Page_Login/div_Wrong credentialsInvalid username or password' is present

2022-08-13 17:45:56 - [MESSAGE][WARNING] - Timeout '0' is invalid. Using default page load timeout: '30'

2022-08-13 17:45:57 - [MESSAGE][PASSED] - Object 'Object Repository/Page_Login/div_Wrong credentialsInvalid username or password' is present

2022-08-13 17:45:57 - [TEST_STEP][PASSED] - delay(5): Delayed 5 second(s)

2022-08-13 17:46:02 - [MESSAGE][PASSED] - Delayed 5 second(s)

2022-08-13 17:46:02 - [TEST_STEP][PASSED] - closeBrowser(STOP_ON_FAILURE): Browser is closed

2022-08-13 17:46:03 - [MESSAGE][PASSED] - Browser is closed]]></system-out>
         <system-err><![CDATA[]]></system-err>
      </testcase>
      <testcase name="Test Cases/FB_Login_Negative_Wrong Email" time="17.199" classname="Test Cases/FB_Login_Negative_Wrong Email" status="PASSED">
         <system-out><![CDATA[2022-08-13 17:46:03 - [TEST_CASE][PASSED] - Test Cases/FB_Login_Negative_Wrong Email: Test Cases/FB_Login_Negative_Wrong Email

2022-08-13 17:46:04 - [TEST_STEP][PASSED] - openBrowser(""): Browser is opened with url: ''

2022-08-13 17:46:04 - [MESSAGE][INFO] - Starting 'Chrome' driver

2022-08-13 17:46:04 - [MESSAGE][INFO] - Action delay is set to 0 milliseconds

2022-08-13 17:46:07 - [MESSAGE][PASSED] - Browser is opened with url: ''

2022-08-13 17:46:07 - [TEST_STEP][PASSED] - navigateToUrl("https://www.facebook.com/login"): Navigate to 'https://www.facebook.com/login' successfully

2022-08-13 17:46:08 - [MESSAGE][PASSED] - Navigate to 'https://www.facebook.com/login' successfully

2022-08-13 17:46:08 - [TEST_STEP][PASSED] - setText(findTestObject("Page_Login/input_email"), "testing@koprat.com"): Text 'testing@koprat.com' is set on object 'Object Repository/Page_Login/input_email'

2022-08-13 17:46:10 - [MESSAGE][PASSED] - Text 'testing@koprat.com' is set on object 'Object Repository/Page_Login/input_email'

2022-08-13 17:46:10 - [TEST_STEP][PASSED] - setEncryptedText(findTestObject("Page_Login/input_pass"), "/viLRLBY6MJSjGBLxCxJlQ=="): Text ****** has been set on object 'Object Repository/Page_Login/input_pass'

2022-08-13 17:46:10 - [MESSAGE][PASSED] - Text ****** has been set on object 'Object Repository/Page_Login/input_pass'

2022-08-13 17:46:10 - [TEST_STEP][PASSED] - click(findTestObject("Page_Login/Btn_login")): Object: 'Object Repository/Page_Login/Btn_login' is clicked on

2022-08-13 17:46:11 - [MESSAGE][PASSED] - Object: 'Object Repository/Page_Login/Btn_login' is clicked on

2022-08-13 17:46:11 - [TEST_STEP][PASSED] - click(findTestObject("Page_Login/div_Wrong credentialsInvalid username or password")): Object: 'Object Repository/Page_Login/div_Wrong credentialsInvalid username or password' is clicked on

2022-08-13 17:46:17 - [MESSAGE][PASSED] - Object: 'Object Repository/Page_Login/div_Wrong credentialsInvalid username or password' is clicked on

2022-08-13 17:46:17 - [TEST_STEP][PASSED] - delay(3): Delayed 3 second(s)

2022-08-13 17:46:20 - [MESSAGE][PASSED] - Delayed 3 second(s)

2022-08-13 17:46:20 - [TEST_STEP][PASSED] - closeBrowser(STOP_ON_FAILURE): Browser is closed

2022-08-13 17:46:21 - [MESSAGE][PASSED] - Browser is closed]]></system-out>
         <system-err><![CDATA[]]></system-err>
      </testcase>
      <testcase name="Test Cases/FB_Login_Negative_Wrong Password" time="13.912" classname="Test Cases/FB_Login_Negative_Wrong Password" status="PASSED">
         <system-out><![CDATA[2022-08-13 17:46:21 - [TEST_CASE][PASSED] - Test Cases/FB_Login_Negative_Wrong Password: Test Cases/FB_Login_Negative_Wrong Password

2022-08-13 17:46:21 - [TEST_STEP][PASSED] - openBrowser(""): Browser is opened with url: ''

2022-08-13 17:46:21 - [MESSAGE][INFO] - Starting 'Chrome' driver

2022-08-13 17:46:21 - [MESSAGE][INFO] - Action delay is set to 0 milliseconds

2022-08-13 17:46:24 - [MESSAGE][PASSED] - Browser is opened with url: ''

2022-08-13 17:46:24 - [TEST_STEP][PASSED] - navigateToUrl("https://www.facebook.com/login"): Navigate to 'https://www.facebook.com/login' successfully

2022-08-13 17:46:26 - [MESSAGE][PASSED] - Navigate to 'https://www.facebook.com/login' successfully

2022-08-13 17:46:26 - [TEST_STEP][PASSED] - setText(findTestObject("Page_Login/input_email"), "lyfe.decker@fillnoo.com"): Text 'lyfe.decker@fillnoo.com' is set on object 'Object Repository/Page_Login/input_email'

2022-08-13 17:46:27 - [MESSAGE][PASSED] - Text 'lyfe.decker@fillnoo.com' is set on object 'Object Repository/Page_Login/input_email'

2022-08-13 17:46:27 - [TEST_STEP][PASSED] - setEncryptedText(findTestObject("Page_Login/input_pass"), "D8fAyou13NqievS5dY7x64YN4yKs0FogOXmBfRTPITc="): Text ****** has been set on object 'Object Repository/Page_Login/input_pass'

2022-08-13 17:46:27 - [MESSAGE][PASSED] - Text ****** has been set on object 'Object Repository/Page_Login/input_pass'

2022-08-13 17:46:27 - [TEST_STEP][PASSED] - click(findTestObject("Page_Login/Btn_login")): Object: 'Object Repository/Page_Login/Btn_login' is clicked on

2022-08-13 17:46:28 - [MESSAGE][PASSED] - Object: 'Object Repository/Page_Login/Btn_login' is clicked on

2022-08-13 17:46:28 - [TEST_STEP][PASSED] - click(findTestObject("Page_Login/div_Wrong credentialsInvalid username or password")): Object: 'Object Repository/Page_Login/div_Wrong credentialsInvalid username or password' is clicked on

2022-08-13 17:46:31 - [MESSAGE][PASSED] - Object: 'Object Repository/Page_Login/div_Wrong credentialsInvalid username or password' is clicked on

2022-08-13 17:46:31 - [TEST_STEP][PASSED] - delay(3): Delayed 3 second(s)

2022-08-13 17:46:34 - [MESSAGE][PASSED] - Delayed 3 second(s)

2022-08-13 17:46:34 - [TEST_STEP][PASSED] - closeBrowser(STOP_ON_FAILURE): Browser is closed

2022-08-13 17:46:35 - [MESSAGE][PASSED] - Browser is closed]]></system-out>
         <system-err><![CDATA[]]></system-err>
      </testcase>
      <testcase name="Test Cases/FB_Login_Positive" time="16.236" classname="Test Cases/FB_Login_Positive" status="PASSED">
         <system-out><![CDATA[2022-08-13 17:46:35 - [TEST_CASE][PASSED] - Test Cases/FB_Login_Positive: Test Cases/FB_Login_Positive

2022-08-13 17:46:36 - [TEST_STEP][PASSED] - openBrowser(""): Browser is opened with url: ''

2022-08-13 17:46:36 - [MESSAGE][INFO] - Starting 'Chrome' driver

2022-08-13 17:46:36 - [MESSAGE][INFO] - Action delay is set to 0 milliseconds

2022-08-13 17:46:38 - [MESSAGE][PASSED] - Browser is opened with url: ''

2022-08-13 17:46:38 - [TEST_STEP][PASSED] - navigateToUrl("https://www.facebook.com/login"): Navigate to 'https://www.facebook.com/login' successfully

2022-08-13 17:46:40 - [MESSAGE][PASSED] - Navigate to 'https://www.facebook.com/login' successfully

2022-08-13 17:46:40 - [TEST_STEP][PASSED] - setText(findTestObject("Page_Login/input_email"), "lyfe.decker@fillnoo.com"): Text 'lyfe.decker@fillnoo.com' is set on object 'Object Repository/Page_Login/input_email'

2022-08-13 17:46:41 - [MESSAGE][PASSED] - Text 'lyfe.decker@fillnoo.com' is set on object 'Object Repository/Page_Login/input_email'

2022-08-13 17:46:41 - [TEST_STEP][PASSED] - setEncryptedText(findTestObject("Page_Login/input_pass"), "lkeQigiJ99F8Wx4U7Su1/g=="): Text ****** has been set on object 'Object Repository/Page_Login/input_pass'

2022-08-13 17:46:41 - [MESSAGE][PASSED] - Text ****** has been set on object 'Object Repository/Page_Login/input_pass'

2022-08-13 17:46:41 - [TEST_STEP][PASSED] - click(findTestObject("Page_Login/Btn_login")): Object: 'Object Repository/Page_Login/Btn_login' is clicked on

2022-08-13 17:46:42 - [MESSAGE][PASSED] - Object: 'Object Repository/Page_Login/Btn_login' is clicked on

2022-08-13 17:46:42 - [TEST_STEP][PASSED] - verifyElementPresent(findTestObject("Object Repository/Page_Login/span_Add a mobile number"), 0): Object 'Object Repository/Page_Login/span_Add a mobile number' is present

2022-08-13 17:46:42 - [MESSAGE][WARNING] - Timeout '0' is invalid. Using default page load timeout: '30'

2022-08-13 17:46:46 - [MESSAGE][PASSED] - Object 'Object Repository/Page_Login/span_Add a mobile number' is present

2022-08-13 17:46:46 - [TEST_STEP][PASSED] - delay(4): Delayed 4 second(s)

2022-08-13 17:46:50 - [MESSAGE][PASSED] - Delayed 4 second(s)

2022-08-13 17:46:50 - [TEST_STEP][PASSED] - closeBrowser(STOP_ON_FAILURE): Browser is closed

2022-08-13 17:46:51 - [MESSAGE][PASSED] - Browser is closed]]></system-out>
         <system-err><![CDATA[]]></system-err>
      </testcase>
      <system-out><![CDATA[2022-08-13 17:45:38 - [TEST_SUITE][PASSED] - Login Test Suite: Test Cases/FB_Login_Positive]]></system-out>
      <system-err><![CDATA[]]></system-err>
   </testsuite>
</testsuites>
